Release 9.2i - xst J.36
Copyright (c) 1995-2007 Xilinx, Inc.  All rights reserved.
--> Parameter TMPDIR set to ./xst/projnav.tmp
CPU : 0.00 / 0.31 s | Elapsed : 0.00 / 0.00 s
 
--> Parameter xsthdpdir set to ./xst
CPU : 0.00 / 0.31 s | Elapsed : 0.00 / 0.00 s
 
--> Reading design: N_bit_substractor.prj

TABLE OF CONTENTS
  1) Synthesis Options Summary
  2) HDL Compilation
  3) Design Hierarchy Analysis
  4) HDL Analysis
  5) HDL Synthesis
     5.1) HDL Synthesis Report
  6) Advanced HDL Synthesis
     6.1) Advanced HDL Synthesis Report
  7) Low Level Synthesis
  8) Partition Report
  9) Final Report

=========================================================================
*                      Synthesis Options Summary                        *
=========================================================================
---- Source Parameters
Input File Name                    : "N_bit_substractor.prj"
Input Format                       : mixed
Ignore Synthesis Constraint File   : NO

---- Target Parameters
Output File Name                   : "N_bit_substractor"
Output Format                      : NGC
Target Device                      : Automotive CoolRunner2

---- Source Options
Top Module Name                    : N_bit_substractor
Automatic FSM Extraction           : YES
FSM Encoding Algorithm             : Auto
Safe Implementation                : No
Mux Extraction                     : YES
Resource Sharing                   : YES

---- Target Options
Add IO Buffers                     : YES
MACRO Preserve                     : YES
XOR Preserve                       : YES
Equivalent register Removal        : YES

---- General Options
Optimization Goal                  : Speed
Optimization Effort                : 1
Library Search Order               : N_bit_substractor.lso
Keep Hierarchy                     : YES
RTL Output                         : Yes
Hierarchy Separator                : /
Bus Delimiter                      : <>
Case Specifier                     : maintain
Verilog 2001                       : YES

---- Other Options
Clock Enable                       : YES
wysiwyg                            : NO

=========================================================================


=========================================================================
*                          HDL Compilation                              *
=========================================================================
Compiling verilog file "half_substractor.v" in library work
Compiling verilog file "full_substractor.v" in library work
Module <half_substractor> compiled
Compiling verilog file "N_bit_substractor.v" in library work
Module <full_substractor> compiled
Module <N_bit_substractor> compiled
No errors in compilation
Analysis of file <"N_bit_substractor.prj"> succeeded.
 

=========================================================================
*                     Design Hierarchy Analysis                         *
=========================================================================
Analyzing hierarchy for module <N_bit_substractor> in library <work> with parameters.
	N = "00000000000000000000000000000010"

Analyzing hierarchy for module <half_substractor> in library <work>.

Analyzing hierarchy for module <full_substractor> in library <work>.


=========================================================================
*                            HDL Analysis                               *
=========================================================================
Analyzing top module <N_bit_substractor>.
	N = 32'sb00000000000000000000000000000010
Module <N_bit_substractor> is correct for synthesis.
 
Analyzing module <half_substractor> in library <work>.
Module <half_substractor> is correct for synthesis.
 
Analyzing module <full_substractor> in library <work>.
Module <full_substractor> is correct for synthesis.
 

=========================================================================
*                           HDL Synthesis                               *
=========================================================================

Performing bidirectional port resolution...

Synthesizing Unit <half_substractor>.
    Related source file is "half_substractor.v".
    Found 1-bit xor2 for signal <diff>.
    Summary:
	inferred   1 Xor(s).
Unit <half_substractor> synthesized.


Synthesizing Unit <full_substractor>.
    Related source file is "full_substractor.v".
    Found 1-bit xor2 for signal <diff>.
    Found 1-bit xor2 for signal <borrow$xor0000> created at line 25.
    Summary:
	inferred   2 Xor(s).
Unit <full_substractor> synthesized.


Synthesizing Unit <N_bit_substractor>.
    Related source file is "N_bit_substractor.v".
Unit <N_bit_substractor> synthesized.


=========================================================================
HDL Synthesis Report

Macro Statistics
# Xors                                                 : 3
 1-bit xor2                                            : 3

=========================================================================

=========================================================================
*                       Advanced HDL Synthesis                          *
=========================================================================


=========================================================================
Advanced HDL Synthesis Report

Found no macro
=========================================================================

=========================================================================
*                         Low Level Synthesis                           *
=========================================================================

Optimizing unit <N_bit_substractor> ...

Optimizing unit <half_substractor> ...

Optimizing unit <full_substractor> ...

=========================================================================
*                          Partition Report                             *
=========================================================================

Partition Implementation Status
-------------------------------

  No Partitions were found in this design.

-------------------------------

=========================================================================
*                            Final Report                               *
=========================================================================
Final Results
RTL Top Level Output File Name     : N_bit_substractor.ngr
Top Level Output File Name         : N_bit_substractor
Output Format                      : NGC
Optimization Goal                  : Speed
Keep Hierarchy                     : YES
Target Technology                  : Automotive CoolRunner2
Macro Preserve                     : YES
XOR Preserve                       : YES
Clock Enable                       : YES
wysiwyg                            : NO

Design Statistics
# IOs                              : 7

Cell Usage :
# BELS                             : 9
#      AND2                        : 3
#      INV                         : 2
#      OR2                         : 1
#      XOR2                        : 3
# IO Buffers                       : 7
#      IBUF                        : 4
#      OBUF                        : 3
=========================================================================
CPU : 2.20 / 2.51 s | Elapsed : 2.00 / 2.00 s
 
--> 

Total memory usage is 182480 kilobytes

Number of errors   :    0 (   0 filtered)
Number of warnings :    0 (   0 filtered)
Number of infos    :    0 (   0 filtered)

